{
  "RSpec": {
    "coverage": {
      "/Users/shailykhamesra/Movie_Theater/spec/controllers/bookings_controller_spec.rb": [
        1,
        1,
        1,
        1,
        1,
        1,
        null,
        null,
        1,
        1,
        1,
        1,
        1,
        null,
        1,
        1,
        1,
        1,
        1,
        null,
        null,
        1,
        1,
        1,
        1,
        1,
        null,
        null,
        1,
        1,
        1,
        1,
        1,
        null,
        1,
        1,
        1,
        1,
        1,
        null,
        null,
        1,
        1,
        1,
        1,
        1,
        null,
        1,
        1,
        1,
        1,
        1,
        null,
        null,
        1,
        1,
        1,
        1,
        1,
        1,
        1,
        null,
        1,
        1,
        1,
        1,
        1,
        null,
        1,
        1,
        1,
        1,
        1,
        1,
        null,
        null,
        1,
        1,
        1,
        1,
        1,
        null,
        1,
        1,
        1,
        1,
        1,
        null,
        1,
        1,
        1,
        null,
        null,
        null
      ],
      "/Users/shailykhamesra/Movie_Theater/spec/rails_helper.rb": [
        null,
        1,
        1,
        1,
        null,
        1,
        1,
        null,
        null,
        null,
        null,
        null,
        null,
        null,
        null,
        null,
        null,
        null,
        null,
        null,
        null,
        null,
        null,
        null,
        null,
        null,
        1,
        null,
        1,
        null,
        1,
        null,
        null,
        null,
        null,
        1,
        null,
        null,
        null,
        null,
        null,
        null,
        null,
        null,
        null,
        null,
        null,
        null,
        null,
        null,
        1,
        null,
        null,
        1,
        null,
        null,
        null
      ],
      "/Users/shailykhamesra/Movie_Theater/config/environment.rb": [
        null,
        1,
        null,
        null,
        1
      ],
      "/Users/shailykhamesra/Movie_Theater/config/application.rb": [
        1,
        null,
        1,
        null,
        null,
        null,
        1,
        null,
        1,
        1,
        null,
        1,
        null,
        null,
        null,
        null,
        null,
        null
      ],
      "/Users/shailykhamesra/Movie_Theater/config/boot.rb": [
        1,
        null,
        1
      ],
      "/Users/shailykhamesra/Movie_Theater/config/environments/test.rb": [
        1,
        null,
        null,
        null,
        null,
        null,
        null,
        1,
        null,
        null,
        null,
        null,
        1,
        null,
        null,
        1,
        1,
        null,
        null,
        null,
        null,
        1,
        1,
        null,
        null,
        1,
        null,
        null,
        1,
        1,
        null,
        null,
        null,
        null,
        1,
        null,
        null,
        1,
        null,
        null,
        null,
        null
      ],
      "/Users/shailykhamesra/Movie_Theater/config/initializers/application_controller_renderer.rb": [
        null,
        null,
        null,
        null,
        null,
        null,
        null,
        null
      ],
      "/Users/shailykhamesra/Movie_Theater/config/initializers/assets.rb": [
        null,
        null,
        null,
        1,
        null,
        null,
        null,
        null,
        1,
        null,
        null,
        null,
        null,
        null
      ],
      "/Users/shailykhamesra/Movie_Theater/config/initializers/backtrace_silencers.rb": [
        null,
        null,
        null,
        null,
        null,
        null,
        null
      ],
      "/Users/shailykhamesra/Movie_Theater/config/initializers/cookies_serializer.rb": [
        null,
        null,
        null,
        null,
        1
      ],
      "/Users/shailykhamesra/Movie_Theater/config/initializers/filter_parameter_logging.rb": [
        null,
        null,
        null,
        1
      ],
      "/Users/shailykhamesra/Movie_Theater/config/initializers/inflections.rb": [
        null,
        null,
        null,
        null,
        null,
        null,
        null,
        null,
        null,
        null,
        null,
        null,
        null,
        null,
        null,
        null
      ],
      "/Users/shailykhamesra/Movie_Theater/config/initializers/mime_types.rb": [
        null,
        null,
        null,
        null
      ],
      "/Users/shailykhamesra/Movie_Theater/config/initializers/wrap_parameters.rb": [
        null,
        null,
        null,
        null,
        null,
        null,
        1,
        2,
        null,
        null,
        null,
        null,
        null,
        null
      ],
      "/Users/shailykhamesra/Movie_Theater/spec/factories/bookings.rb": [
        1,
        1,
        1,
        1,
        1,
        1,
        null,
        null
      ],
      "/Users/shailykhamesra/Movie_Theater/spec/factories/movies.rb": [
        1,
        1,
        1,
        null,
        null
      ],
      "/Users/shailykhamesra/Movie_Theater/spec/factories/screens.rb": [
        1,
        1,
        1,
        1,
        1,
        null,
        null
      ],
      "/Users/shailykhamesra/Movie_Theater/spec/factories/showtimes.rb": [
        1,
        1,
        1,
        1,
        1,
        null,
        null
      ],
      "/Users/shailykhamesra/Movie_Theater/spec/factories/theaters.rb": [
        1,
        1,
        1,
        1,
        null,
        null
      ],
      "/Users/shailykhamesra/Movie_Theater/spec/factories/tickets.rb": [
        1,
        1,
        1,
        1,
        1,
        null,
        null
      ],
      "/Users/shailykhamesra/Movie_Theater/config/routes.rb": [
        1,
        1,
        1,
        1,
        1,
        1,
        1,
        1,
        1,
        null,
        null
      ],
      "/Users/shailykhamesra/Movie_Theater/app/helpers/application_helper.rb": [
        1,
        null
      ],
      "/Users/shailykhamesra/Movie_Theater/app/controllers/bookings_controller.rb": [
        1,
        1,
        1,
        1,
        2,
        null,
        null,
        null,
        1,
        2,
        2,
        2,
        2,
        null,
        2,
        null,
        null,
        null,
        null,
        1,
        1,
        1,
        2,
        null,
        null,
        null,
        1,
        2,
        2,
        2,
        2,
        null,
        2,
        null,
        null,
        null,
        null,
        1,
        2,
        2,
        2,
        2,
        2,
        null,
        2,
        null,
        null,
        0,
        null,
        null,
        null,
        null,
        1,
        3,
        3,
        3,
        1,
        2,
        null,
        0,
        null,
        null,
        4,
        null,
        null,
        null,
        null,
        1,
        3,
        3,
        3,
        1,
        2,
        null,
        0,
        null,
        null,
        4,
        null,
        null,
        null,
        null,
        1,
        null,
        1,
        3,
        null,
        null
      ],
      "/Users/shailykhamesra/Movie_Theater/app/controllers/application_controller.rb": [
        1,
        1,
        null
      ],
      "/Users/shailykhamesra/Movie_Theater/spec/controllers/movies_controller_spec.rb": [
        1,
        1,
        1,
        1,
        1,
        1,
        null,
        null,
        1,
        1,
        1,
        1,
        1,
        null,
        1,
        1,
        1,
        1,
        1,
        null,
        null,
        1,
        1,
        null,
        null,
        1,
        1,
        null,
        null,
        1,
        1,
        1,
        1,
        1,
        null,
        1,
        1,
        1,
        1,
        1,
        null,
        null,
        1,
        1,
        1,
        1,
        null,
        1,
        1,
        1,
        null,
        null,
        1,
        1,
        1,
        1,
        1,
        1,
        1,
        null,
        1,
        1,
        1,
        1,
        1,
        null,
        1,
        1,
        1,
        1,
        null,
        null,
        1,
        1,
        1,
        1,
        1,
        null,
        1,
        1,
        1,
        null,
        null,
        null
      ],
      "/Users/shailykhamesra/Movie_Theater/app/controllers/movies_controller.rb": [
        1,
        1,
        1,
        1,
        2,
        null,
        null,
        null,
        1,
        2,
        2,
        2,
        2,
        null,
        2,
        null,
        null,
        null,
        null,
        1,
        1,
        1,
        2,
        null,
        null,
        null,
        1,
        2,
        2,
        2,
        2,
        null,
        2,
        null,
        null,
        null,
        null,
        1,
        2,
        2,
        2,
        2,
        2,
        null,
        2,
        null,
        null,
        0,
        null,
        null,
        null,
        null,
        1,
        3,
        3,
        3,
        2,
        2,
        null,
        2,
        null,
        null,
        2,
        null,
        null,
        null,
        null,
        1,
        2,
        2,
        2,
        1,
        2,
        null,
        0,
        null,
        null,
        2,
        null,
        null,
        null,
        null,
        1,
        null,
        1,
        4,
        null,
        null
      ],
      "/Users/shailykhamesra/Movie_Theater/spec/controllers/screens_controller_spec.rb": [
        1,
        1,
        1,
        1,
        1,
        1,
        null,
        null,
        1,
        1,
        1,
        1,
        1,
        null,
        1,
        1,
        1,
        1,
        1,
        null,
        null,
        1,
        1,
        1,
        1,
        1,
        null,
        1,
        1,
        1,
        1,
        1,
        null,
        null,
        1,
        1,
        1,
        1,
        1,
        1,
        null,
        null,
        1,
        1,
        1,
        1,
        1,
        1,
        null,
        1,
        1,
        1,
        1,
        1,
        1,
        null,
        1,
        1,
        1,
        1,
        1,
        1,
        null,
        1,
        1,
        1,
        1,
        1,
        1,
        1,
        null,
        null,
        1,
        1,
        1,
        1,
        1,
        1,
        1,
        null,
        1,
        1,
        1,
        1,
        1,
        null,
        1,
        1,
        1,
        1,
        1,
        1,
        1,
        null,
        null,
        1,
        1,
        1,
        1,
        1,
        null,
        1,
        1,
        1,
        1,
        1,
        null,
        1,
        1,
        1,
        null,
        null,
        null
      ],
      "/Users/shailykhamesra/Movie_Theater/app/controllers/screens_controller.rb": [
        1,
        1,
        1,
        1,
        2,
        null,
        null,
        null,
        1,
        2,
        2,
        2,
        2,
        null,
        2,
        null,
        null,
        null,
        null,
        1,
        1,
        1,
        2,
        null,
        null,
        null,
        1,
        2,
        2,
        2,
        2,
        null,
        2,
        null,
        null,
        null,
        null,
        1,
        4,
        4,
        4,
        4,
        2,
        null,
        6,
        null,
        null,
        0,
        null,
        null,
        null,
        null,
        1,
        3,
        3,
        3,
        2,
        2,
        null,
        2,
        null,
        null,
        2,
        null,
        null,
        null,
        null,
        1,
        3,
        3,
        3,
        1,
        2,
        null,
        0,
        null,
        null,
        4,
        null,
        null,
        null,
        null,
        1,
        null,
        1,
        6,
        null,
        null
      ],
      "/Users/shailykhamesra/Movie_Theater/spec/controllers/showtimes_controller_spec.rb": [
        1,
        1,
        1,
        1,
        1,
        1,
        null,
        null,
        1,
        1,
        1,
        1,
        1,
        null,
        1,
        1,
        1,
        1,
        1,
        null,
        null,
        1,
        1,
        1,
        1,
        1,
        1,
        null,
        null,
        1,
        1,
        1,
        1,
        1,
        null,
        1,
        1,
        1,
        1,
        1,
        null,
        null,
        1,
        1,
        1,
        1,
        1,
        1,
        null,
        1,
        1,
        1,
        1,
        1,
        1,
        null,
        1,
        1,
        1,
        1,
        1,
        1,
        null,
        1,
        1,
        1,
        1,
        1,
        1,
        1,
        null,
        null,
        1,
        1,
        1,
        1,
        1,
        1,
        null,
        1,
        1,
        1,
        1,
        1,
        null,
        1,
        1,
        1,
        1,
        1,
        1,
        1,
        null,
        null,
        1,
        1,
        1,
        1,
        1,
        null,
        1,
        1,
        1,
        1,
        1,
        null,
        1,
        1,
        1,
        null,
        null,
        null
      ],
      "/Users/shailykhamesra/Movie_Theater/app/controllers/showtimes_controller.rb": [
        1,
        1,
        1,
        1,
        2,
        null,
        null,
        null,
        1,
        2,
        2,
        2,
        2,
        null,
        2,
        null,
        null,
        null,
        null,
        1,
        1,
        1,
        2,
        null,
        null,
        null,
        1,
        2,
        2,
        2,
        2,
        null,
        2,
        null,
        null,
        null,
        null,
        1,
        4,
        4,
        4,
        2,
        2,
        null,
        2,
        null,
        null,
        4,
        null,
        null,
        null,
        null,
        1,
        3,
        3,
        3,
        2,
        2,
        null,
        2,
        null,
        null,
        2,
        null,
        null,
        null,
        null,
        1,
        3,
        3,
        3,
        1,
        2,
        null,
        0,
        null,
        null,
        4,
        null,
        null,
        null,
        null,
        1,
        null,
        1,
        6,
        null,
        null
      ],
      "/Users/shailykhamesra/Movie_Theater/spec/controllers/theaters_controller_spec.rb": [
        1,
        1,
        1,
        1,
        1,
        1,
        null,
        null,
        1,
        1,
        1,
        1,
        1,
        null,
        1,
        1,
        1,
        1,
        1,
        null,
        null,
        1,
        1,
        1,
        1,
        1,
        null,
        1,
        1,
        1,
        1,
        1,
        null,
        null,
        1,
        1,
        1,
        1,
        null,
        null,
        1,
        1,
        1,
        1,
        null,
        1,
        1,
        1,
        null,
        1,
        1,
        1,
        null,
        null,
        1,
        1,
        1,
        1,
        1,
        1,
        1,
        null,
        1,
        1,
        1,
        1,
        1,
        null,
        1,
        1,
        1,
        1,
        null,
        1,
        1,
        1,
        1,
        null,
        null,
        1,
        1,
        1,
        1,
        1,
        null,
        1,
        1,
        1,
        null,
        null,
        null
      ],
      "/Users/shailykhamesra/Movie_Theater/app/controllers/theaters_controller.rb": [
        1,
        1,
        1,
        1,
        2,
        null,
        null,
        null,
        1,
        2,
        2,
        2,
        2,
        null,
        2,
        null,
        null,
        null,
        null,
        1,
        1,
        1,
        2,
        null,
        null,
        null,
        1,
        2,
        2,
        2,
        2,
        null,
        2,
        null,
        null,
        null,
        null,
        1,
        3,
        3,
        3,
        3,
        2,
        null,
        4,
        null,
        null,
        0,
        null,
        null,
        null,
        null,
        1,
        4,
        4,
        4,
        3,
        2,
        null,
        4,
        null,
        null,
        2,
        null,
        null,
        null,
        null,
        1,
        2,
        2,
        2,
        1,
        2,
        null,
        0,
        null,
        null,
        2,
        null,
        null,
        null,
        null,
        1,
        null,
        1,
        6,
        null,
        null
      ],
      "/Users/shailykhamesra/Movie_Theater/spec/controllers/tickets_controller_spec.rb": [
        1,
        1,
        1,
        1,
        1,
        1,
        null,
        null,
        1,
        1,
        1,
        1,
        1,
        null,
        1,
        1,
        1,
        1,
        1,
        null,
        null,
        1,
        1,
        1,
        1,
        1,
        1,
        null,
        null,
        1,
        1,
        1,
        1,
        1,
        null,
        1,
        1,
        1,
        1,
        1,
        null,
        null,
        1,
        1,
        1,
        1,
        1,
        1,
        null,
        1,
        1,
        1,
        1,
        1,
        1,
        null,
        1,
        1,
        1,
        1,
        1,
        1,
        null,
        1,
        1,
        1,
        1,
        1,
        1,
        1,
        null,
        null,
        1,
        1,
        1,
        1,
        1,
        1,
        1,
        null,
        1,
        1,
        1,
        1,
        1,
        null,
        1,
        1,
        1,
        1,
        1,
        1,
        1,
        null,
        null,
        1,
        1,
        1,
        1,
        1,
        null,
        1,
        1,
        1,
        1,
        1,
        null,
        1,
        1,
        1,
        1,
        null,
        null,
        null
      ],
      "/Users/shailykhamesra/Movie_Theater/app/controllers/tickets_controller.rb": [
        1,
        1,
        1,
        1,
        2,
        null,
        null,
        null,
        1,
        2,
        2,
        2,
        2,
        null,
        2,
        null,
        null,
        null,
        null,
        1,
        1,
        1,
        2,
        null,
        null,
        null,
        1,
        2,
        2,
        2,
        2,
        null,
        2,
        null,
        null,
        null,
        null,
        1,
        4,
        4,
        4,
        4,
        2,
        null,
        6,
        null,
        null,
        0,
        null,
        null,
        null,
        null,
        1,
        3,
        3,
        3,
        2,
        2,
        null,
        0,
        null,
        null,
        4,
        null,
        null,
        null,
        null,
        1,
        3,
        3,
        3,
        1,
        2,
        null,
        0,
        null,
        null,
        4,
        null,
        null,
        null,
        null,
        1,
        null,
        1,
        6,
        null,
        null
      ],
      "/Users/shailykhamesra/Movie_Theater/app/models/booking.rb": [
        1,
        1,
        1,
        1,
        1,
        1,
        null
      ],
      "/Users/shailykhamesra/Movie_Theater/app/models/application_record.rb": [
        1,
        1,
        null
      ],
      "/Users/shailykhamesra/Movie_Theater/app/models/showtime.rb": [
        1,
        1,
        1,
        1,
        1,
        1,
        null
      ],
      "/Users/shailykhamesra/Movie_Theater/app/models/movie.rb": [
        1,
        1,
        1,
        1,
        null
      ],
      "/Users/shailykhamesra/Movie_Theater/app/models/screen.rb": [
        1,
        1,
        1,
        1,
        1,
        null
      ],
      "/Users/shailykhamesra/Movie_Theater/app/models/theater.rb": [
        1,
        1,
        1,
        1,
        null
      ],
      "/Users/shailykhamesra/Movie_Theater/app/models/ticket.rb": [
        1,
        1,
        1,
        1,
        null
      ]
    },
    "timestamp": 1516599787
  }
}
